e:\gitfiles\imsov0.1\imsov0.1\x64\debug\occmodel.obj
e:\gitfiles\imsov0.1\imsov0.1\x64\debug\occwin.obj
e:\gitfiles\imsov0.1\imsov0.1\x64\debug\str.obj
e:\gitfiles\imsov0.1\imsov0.1\x64\debug\imso_nurbs.obj
e:\gitfiles\imsov0.1\imsov0.1\x64\debug\occmainwindow.obj
e:\gitfiles\imsov0.1\imsov0.1\x64\debug\globalfunc.obj
e:\gitfiles\imsov0.1\imsov0.1\x64\debug\selectobj.obj
e:\gitfiles\imsov0.1\imsov0.1\x64\debug\drawobj.obj
e:\gitfiles\imsov0.1\imsov0.1\x64\debug\selectdialog.obj
e:\gitfiles\imsov0.1\imsov0.1\x64\debug\xiostream.obj
e:\gitfiles\imsov0.1\imsov0.1\x64\debug\featurecurve.obj
e:\gitfiles\imsov0.1\imsov0.1\x64\debug\main.obj
e:\gitfiles\imsov0.1\imsov0.1\x64\debug\occview.obj
e:\gitfiles\imsov0.1\imsov0.1\x64\debug\readmodeldialog.obj
e:\gitfiles\imsov0.1\imsov0.1\x64\debug\occtest.obj
e:\gitfiles\imsov0.1\imsov0.1\x64\debug\vc141.pdb
e:\gitfiles\imsov0.1\imsov0.1\x64\debug\moc_selectdialog.obj
e:\gitfiles\imsov0.1\imsov0.1\x64\debug\moc_occmainwindow.obj
e:\gitfiles\imsov0.1\imsov0.1\x64\debug\moc_occview.obj
e:\gitfiles\imsov0.1\imsov0.1\x64\debug\moc_occwin.obj
e:\gitfiles\imsov0.1\imsov0.1\x64\debug\moc_readmodeldialog.obj
e:\gitfiles\imsov0.1\imsov0.1\x64\debug\uic\ui_occmainwindow.h
e:\gitfiles\imsov0.1\imsov0.1\x64\debug\uic\ui_occview.h
e:\gitfiles\imsov0.1\imsov0.1\x64\debug\uic\ui_occwin.h
e:\gitfiles\imsov0.1\imsov0.1\x64\debug\uic\ui_readmodeldialog.h
e:\gitfiles\imsov0.1\imsov0.1\x64\debug\uic\ui_selectdialog.h
e:\gitfiles\imsov0.1\imsov0.1\x64\debug\moc\moc_occwin.cpp
e:\gitfiles\imsov0.1\imsov0.1\x64\debug\moc\moc_occview.cpp
e:\gitfiles\imsov0.1\imsov0.1\x64\debug\moc\moc_occmainwindow.cpp
e:\gitfiles\imsov0.1\imsov0.1\x64\debug\moc\moc_selectdialog.cpp
e:\gitfiles\imsov0.1\imsov0.1\x64\debug\moc\moc_readmodeldialog.cpp
e:\gitfiles\imsov0.1\x64\debug\imsov0.1.lib
e:\gitfiles\imsov0.1\x64\debug\imsov0.1.exp
e:\gitfiles\imsov0.1\x64\debug\imsov0.1.exe
e:\gitfiles\imsov0.1\x64\debug\imsov0.1.ilk
e:\gitfiles\imsov0.1\x64\debug\imsov0.1.pdb
e:\gitfiles\imsov0.1\imsov0.1\x64\debug\imsov0.1.tlog\cl.10204.write.1.tlog
e:\gitfiles\imsov0.1\imsov0.1\x64\debug\imsov0.1.tlog\cl.command.1.tlog
e:\gitfiles\imsov0.1\imsov0.1\x64\debug\imsov0.1.tlog\cl.read.1.tlog
e:\gitfiles\imsov0.1\imsov0.1\x64\debug\imsov0.1.tlog\imsov0.1.write.1u.tlog
e:\gitfiles\imsov0.1\imsov0.1\x64\debug\imsov0.1.tlog\link.command.1.tlog
e:\gitfiles\imsov0.1\imsov0.1\x64\debug\imsov0.1.tlog\link.read.1.tlog
e:\gitfiles\imsov0.1\imsov0.1\x64\debug\imsov0.1.tlog\link.write.1.tlog
e:\gitfiles\imsov0.1\imsov0.1\x64\debug\imsov0.1.tlog\moc.read.1u.tlog
e:\gitfiles\imsov0.1\imsov0.1\x64\debug\imsov0.1.tlog\moc.write.1u.tlog
e:\gitfiles\imsov0.1\imsov0.1\x64\debug\imsov0.1.tlog\uic.read.1u.tlog
e:\gitfiles\imsov0.1\imsov0.1\x64\debug\imsov0.1.tlog\uic.write.1u.tlog
